  [90mwatching[0m /usr/local/lib/node_modules/stylus/lib/functions/index.styl
  [90mwatching[0m mobile.styl
  [90mcompiled[0m style.css
  [90mwatching[0m style.styl
  [90mcompiled[0m mobile.css
  [90mwatching[0m /usr/local/lib/node_modules/stylus/lib/functions/index.styl
  [90mwatching[0m mobile.styl
  [90mcompiled[0m style.css
  [90mwatching[0m style.styl
  [90mcompiled[0m mobile.css
  [90mwatching[0m /usr/local/lib/node_modules/stylus/lib/functions/index.styl
  [90mwatching[0m mobile.styl
  [90mcompiled[0m style.css
  [90mwatching[0m style.styl
  [90mcompiled[0m mobile.css
  [90mcompiled[0m style.css
  [90mcompiled[0m style.css
  [90mcompiled[0m style.css
  [90mcompiled[0m style.css
  [90mcompiled[0m style.css
  [90mcompiled[0m style.css
  [90mcompiled[0m style.css
  [90mcompiled[0m style.css
  [90mcompiled[0m style.css
  [90mcompiled[0m style.css
  [90mcompiled[0m style.css
  [90mcompiled[0m style.css
  [90mcompiled[0m style.css
  [90mcompiled[0m style.css
  [90mwatching[0m /usr/local/lib/node_modules/stylus/lib/functions/index.styl
  [90mwatching[0m mobile.styl
  [90mcompiled[0m mobile.css
  [90mcompiled[0m style.css
  [90mwatching[0m style.styl
  [90mcompiled[0m style.css
  [90mcompiled[0m style.css
  [90mcompiled[0m style.css
  [90mcompiled[0m style.css
  [90mcompiled[0m style.css
  [90mcompiled[0m style.css
  [90mcompiled[0m style.css
  [90mcompiled[0m style.css
  [90mcompiled[0m style.css
  [90mcompiled[0m style.css
  [90mcompiled[0m style.css
  [90mcompiled[0m style.css
  [90mcompiled[0m style.css
  [90mcompiled[0m style.css
  [90mcompiled[0m style.css
  [90mcompiled[0m style.css
  [90mcompiled[0m style.css
  [90mcompiled[0m style.css
  [90mcompiled[0m style.css
  [90mcompiled[0m style.css
  [90mcompiled[0m style.css
  [90mcompiled[0m style.css
  [90mcompiled[0m style.css
  [90mcompiled[0m style.css
  [90mcompiled[0m style.css
  [90mcompiled[0m style.css
  [90mcompiled[0m style.css
  [90mcompiled[0m style.css
  [90mcompiled[0m style.css
  [90mcompiled[0m style.css
  [90mcompiled[0m style.css
  [90mcompiled[0m style.css
  [90mcompiled[0m style.css
  [90mcompiled[0m style.css
  [90mcompiled[0m style.css
  [90mcompiled[0m style.css
  [90mcompiled[0m style.css
  [90mcompiled[0m style.css
  [90mcompiled[0m style.css
  [90mcompiled[0m style.css
  [90mcompiled[0m style.css
  [90mcompiled[0m style.css
  [90mcompiled[0m style.css
  [90mcompiled[0m style.css
  [90mcompiled[0m style.css
  [90mcompiled[0m style.css
  [90mcompiled[0m style.css
  [90mcompiled[0m style.css
  [90mcompiled[0m style.css
  [90mcompiled[0m style.css
  [90mcompiled[0m style.css
  [90mcompiled[0m style.css
  [90mcompiled[0m style.css
  [90mcompiled[0m style.css
  [90mcompiled[0m style.css
  [90mcompiled[0m style.css
  [90mcompiled[0m style.css
  [90mcompiled[0m style.css
  [90mcompiled[0m style.css
  [90mcompiled[0m style.css
  [90mcompiled[0m style.css
  [90mcompiled[0m style.css
  [90mcompiled[0m style.css
